<?xml version="1.0" encoding="UTF-8"?>
<!-- Generated by org.testng.reporters.JUnitReportReporter -->
<testsuite hostname="DESKTOP-8E4GRV5" failures="0" tests="1" name="basic.Tira" time="13.268" errors="0" timestamp="2024-01-18T12:19:47 IST" skipped="0">
  <testcase classname="basic.Tira" name="tiraTest" time="13.268"/>
  <system-out/>
</testsuite> <!-- basic.Tira -->
