<?xml version="1.0" encoding="UTF-8"?>
<!-- Generated by org.testng.reporters.JUnitReportReporter -->
<testsuite hostname="DESKTOP-8E4GRV5" failures="0" tests="1" name="basic.Plum" time="9.698" errors="0" timestamp="2024-01-18T13:10:35 IST" skipped="0">
  <testcase classname="basic.Plum" name="tiraTest" time="9.698"/>
  <system-out/>
</testsuite> <!-- basic.Plum -->
